<?xml version="1.0" encoding="UTF-8"?>
<!-- Generated by org.testng.reporters.JUnitXMLReporter -->
<testsuite hostname="DESKTOP-RNIIRNI" ignored="0" name="Default test" tests="3" failures="0" timestamp="17 Jul 2021 04:26:26 GMT" time="15.982" errors="0">
  <testcase name="UserOnHomePage" time="9.469" classname="OrangeHRM.FuntionalTesting"/>
  <testcase name="LogIn" time="2.952" classname="OrangeHRM.FuntionalTesting"/>
  <testcase name="LogOut" time="2.45" classname="OrangeHRM.FuntionalTesting"/>
</testsuite> <!-- Default test -->
