<?xml version="1.0" encoding="UTF-8"?>
<!-- Generated by org.testng.reporters.JUnitXMLReporter -->
<testsuite hostname="DESKTOP-RNIIRNI" ignored="0" name="BasicSeleniumTestNGProject" tests="3" failures="0" timestamp="18 Jul 2021 02:44:29 GMT" time="30.909" errors="0">
  <testcase name="UserOnHomePage" time="13.264" classname="OrangeHRM.FuntionalTesting"/>
  <testcase name="LogIn" time="11.341" classname="OrangeHRM.FuntionalTesting"/>
  <testcase name="LogOut" time="3.2" classname="OrangeHRM.FuntionalTesting"/>
</testsuite> <!-- BasicSeleniumTestNGProject -->
