<?xml version="1.0" encoding="UTF-8"?>
<testng-results skipped="0" failed="0" ignored="0" total="3" passed="3">
  <reporter-output>
  </reporter-output>
  <suite name="Suite" duration-ms="30909" started-at="2021-07-18T02:43:58Z" finished-at="2021-07-18T02:44:29Z">
    <groups>
    </groups>
    <test name="BasicSeleniumTestNGProject" duration-ms="30909" started-at="2021-07-18T02:43:58Z" finished-at="2021-07-18T02:44:29Z">
      <class name="OrangeHRM.FuntionalTesting">
        <test-method status="PASS" signature="ServerUp()[pri:0, instance:OrangeHRM.FuntionalTesting@68c4039c]" name="ServerUp" is-config="true" duration-ms="16" started-at="2021-07-18T02:43:58Z" finished-at="2021-07-18T02:43:58Z">
          <reporter-output>
          </reporter-output>
        </test-method> <!-- ServerUp -->
        <test-method status="PASS" signature="LaunchBrowser()[pri:0, instance:OrangeHRM.FuntionalTesting@68c4039c]" name="LaunchBrowser" is-config="true" duration-ms="2933" started-at="2021-07-18T02:43:58Z" finished-at="2021-07-18T02:44:01Z">
          <reporter-output>
          </reporter-output>
        </test-method> <!-- LaunchBrowser -->
        <test-method status="PASS" signature="UserOnHomePage()[pri:0, instance:OrangeHRM.FuntionalTesting@68c4039c]" name="UserOnHomePage" duration-ms="13264" started-at="2021-07-18T02:44:01Z" finished-at="2021-07-18T02:44:14Z">
          <reporter-output>
          </reporter-output>
        </test-method> <!-- UserOnHomePage -->
        <test-method status="PASS" signature="LogIn()[pri:1, instance:OrangeHRM.FuntionalTesting@68c4039c]" name="LogIn" duration-ms="11341" started-at="2021-07-18T02:44:14Z" finished-at="2021-07-18T02:44:25Z">
          <reporter-output>
          </reporter-output>
        </test-method> <!-- LogIn -->
        <test-method status="PASS" signature="LogOut()[pri:2, instance:OrangeHRM.FuntionalTesting@68c4039c]" name="LogOut" duration-ms="3200" started-at="2021-07-18T02:44:25Z" finished-at="2021-07-18T02:44:29Z">
          <reporter-output>
          </reporter-output>
        </test-method> <!-- LogOut -->
        <test-method status="PASS" signature="CloseBrowser()[pri:0, instance:OrangeHRM.FuntionalTesting@68c4039c]" name="CloseBrowser" is-config="true" duration-ms="132" started-at="2021-07-18T02:44:29Z" finished-at="2021-07-18T02:44:29Z">
          <reporter-output>
          </reporter-output>
        </test-method> <!-- CloseBrowser -->
        <test-method status="PASS" signature="ServerDown()[pri:0, instance:OrangeHRM.FuntionalTesting@68c4039c]" name="ServerDown" is-config="true" duration-ms="0" started-at="2021-07-18T02:44:29Z" finished-at="2021-07-18T02:44:29Z">
          <reporter-output>
          </reporter-output>
        </test-method> <!-- ServerDown -->
      </class> <!-- OrangeHRM.FuntionalTesting -->
    </test> <!-- BasicSeleniumTestNGProject -->
  </suite> <!-- Suite -->
</testng-results>
